<?xml version="1.0" encoding="UTF-8"?>
<!-- Generated by org.testng.reporters.JUnitReportReporter -->
<testsuite hostname="Godzilla-ASUSDesktop" failures="0" tests="1" name="com.SAPFiori.Tests.SupplierInvoice_TC4" time="115.510" errors="0" timestamp="2024-03-19T13:44:12 MDT" skipped="0">
  <testcase classname="com.SAPFiori.Tests.SupplierInvoice_TC4" name="SICreate_test" time="115.510"/>
</testsuite> <!-- com.SAPFiori.Tests.SupplierInvoice_TC4 -->
