<?xml version="1.0" encoding="UTF-8"?>
<!-- Generated by org.testng.reporters.JUnitReportReporter -->
<testsuite hostname="Godzilla-ASUSDesktop" failures="0" tests="2" name="com.SAPFiori.Tests.JGLAccountingDocument_TC2" time="191.872" errors="0" timestamp="2024-03-19T21:27:38 MDT" skipped="0">
  <testcase classname="com.SAPFiori.Tests.JGLAccountingDocument_TC2" name="JGLUseTiles_Filters_test" time="98.885"/>
  <testcase classname="com.SAPFiori.Tests.JGLAccountingDocument_TC2" name="JEDocumentImpactValidateTotals_test" time="92.987"/>
</testsuite> <!-- com.SAPFiori.Tests.JGLAccountingDocument_TC2 -->
