<?xml version="1.0" encoding="UTF-8"?>
<!-- Generated by org.testng.reporters.JUnitReportReporter -->
<testsuite hostname="Godzilla-ASUSDesktop" failures="0" tests="1" name="com.SAPFiori.Tests.JGLUseTable_TC1" time="89.590" errors="0" timestamp="2024-03-19T19:45:47 MDT" skipped="0">
  <testcase classname="com.SAPFiori.Tests.JGLUseTable_TC1" name="JEDocumentImpactValidateTotals_test" time="89.590"/>
</testsuite> <!-- com.SAPFiori.Tests.JGLUseTable_TC1 -->
