<?xml version="1.0" encoding="UTF-8"?>
<!-- Generated by org.testng.reporters.JUnitReportReporter -->
<testsuite hostname="Godzilla-ASUSDesktop" failures="0" tests="1" name="com.SAPFiori.Tests.SAPFiori_Login_TC1" time="109.490" errors="0" timestamp="2024-03-10T17:36:49 MDT" skipped="0">
  <testcase classname="com.SAPFiori.Tests.SAPFiori_Login_TC1" name="Login_test" time="109.490"/>
</testsuite> <!-- com.SAPFiori.Tests.SAPFiori_Login_TC1 -->
