<?xml version="1.0" encoding="UTF-8"?>
<!-- Generated by org.testng.reporters.JUnitReportReporter -->
<testsuite hostname="Godzilla-ASUSDesktop" failures="0" tests="1" name="com.SAPFiori.Tests.JGLLineItems_TC3" time="94.344" errors="0" timestamp="2024-03-12T01:38:58 MDT" skipped="0">
  <testcase classname="com.SAPFiori.Tests.JGLLineItems_TC3" name="JGLLineItems_test" time="94.344"/>
</testsuite> <!-- com.SAPFiori.Tests.JGLLineItems_TC3 -->
