<?xml version="1.0" encoding="UTF-8"?>
<!-- Generated by org.testng.reporters.JUnitReportReporter -->
<testsuite hostname="Godzilla-ASUSDesktop" failures="0" tests="1" name="com.SAPFiori.Tests.AOPayables_TC3" time="83.089" errors="0" timestamp="2024-03-18T12:04:55 MDT" skipped="0">
  <testcase classname="com.SAPFiori.Tests.AOPayables_TC3" name="JGLLineItems_test" time="83.089"/>
</testsuite> <!-- com.SAPFiori.Tests.AOPayables_TC3 -->
