<?xml version="1.0" encoding="UTF-8"?>
<!-- Generated by org.testng.reporters.JUnitReportReporter -->
<testsuite hostname="Godzilla-ASUSDesktop" failures="0" tests="1" name="com.SAPFiori.Tests.JGLUseTable_TC1" time="119.732" errors="0" timestamp="2024-03-10T20:23:01 MDT" skipped="0">
  <testcase classname="com.SAPFiori.Tests.JGLUseTable_TC1" name="Login_test" time="119.732"/>
</testsuite> <!-- com.SAPFiori.Tests.JGLUseTable_TC1 -->
