<?xml version="1.0" encoding="UTF-8"?>
<!-- Generated by org.testng.reporters.JUnitReportReporter -->
<testsuite hostname="Godzilla-ASUSDesktop" failures="0" tests="1" name="com.SAPFiori.Tests.JGLUseTiles_Filters_TC2" time="128.441" errors="0" timestamp="2024-03-11T21:32:23 MDT" skipped="0">
  <testcase classname="com.SAPFiori.Tests.JGLUseTiles_Filters_TC2" name="JGLUseTiles_Filters_test" time="128.441"/>
  <system-out/>
</testsuite> <!-- com.SAPFiori.Tests.JGLUseTiles_Filters_TC2 -->
